[2020-11-05 22:07:11,157] b4294d - INFO   - Start! (memory: 1.55 mb)
[2020-11-05 22:07:11,160] b4294d - INFO   - Croon...!!! (memory: 1.56 mb)
[2020-11-05 22:07:12,001] b4294d - INFO   - Croon...!!! (memory: 1.56 mb)
[2020-11-05 22:07:13,000] b4294d - INFO   - Croon...!!! (memory: 1.56 mb)
[2020-11-05 22:07:14,000] b4294d - INFO   - Croon...!!! (memory: 1.56 mb)
[2020-11-05 22:07:15,000] b4294d - INFO   - Croon...!!! (memory: 1.56 mb)
[2020-11-05 22:07:16,001] b4294d - INFO   - Croon...!!! (memory: 1.56 mb)
[2020-11-05 22:07:17,000] b4294d - INFO   - Croon...!!! (memory: 1.56 mb)
[2020-11-05 22:07:18,001] b4294d - INFO   - Croon...!!! (memory: 1.56 mb)
[2020-11-05 22:07:19,001] b4294d - INFO   - Croon...!!! (memory: 1.56 mb)
[2020-11-05 22:07:20,000] b4294d - INFO   - Croon...!!! (memory: 1.56 mb)
[2020-11-05 22:07:21,000] b4294d - INFO   - Croon...!!! (memory: 1.57 mb)
[2020-11-05 22:07:22,000] b4294d - INFO   - Croon...!!! (memory: 1.57 mb)
[2020-11-05 22:07:23,000] b4294d - INFO   - Croon...!!! (memory: 1.57 mb)
[2020-11-05 22:07:24,001] b4294d - INFO   - Croon...!!! (memory: 1.57 mb)
[2020-11-05 22:07:25,000] b4294d - INFO   - Croon...!!! (memory: 1.57 mb)
[2020-11-05 22:07:26,000] b4294d - INFO   - Croon...!!! (memory: 1.57 mb)
[2020-11-05 22:07:27,000] b4294d - INFO   - Croon...!!! (memory: 1.57 mb)
[2020-11-05 22:07:28,000] b4294d - INFO   - Croon...!!! (memory: 1.57 mb)
[2020-11-05 22:07:29,000] b4294d - INFO   - Croon...!!! (memory: 1.57 mb)
[2020-11-05 22:07:30,001] b4294d - INFO   - Croon...!!! (memory: 1.57 mb)
[2020-11-05 22:07:31,000] b4294d - INFO   - Croon...!!! (memory: 1.57 mb)
[2020-11-05 22:07:32,000] b4294d - INFO   - Croon...!!! (memory: 1.57 mb)
[2020-11-05 22:07:33,000] b4294d - INFO   - Croon...!!! (memory: 1.57 mb)
[2020-11-05 22:07:34,001] b4294d - INFO   - Croon...!!! (memory: 1.58 mb)
[2020-11-05 22:07:35,000] b4294d - INFO   - Croon...!!! (memory: 1.58 mb)
[2020-11-05 22:07:36,000] b4294d - INFO   - Croon...!!! (memory: 1.58 mb)
[2020-11-05 22:07:37,000] b4294d - INFO   - Croon...!!! (memory: 1.58 mb)
[2020-11-05 22:07:38,000] b4294d - INFO   - Croon...!!! (memory: 1.58 mb)
[2020-11-05 22:07:39,000] b4294d - INFO   - Croon...!!! (memory: 1.58 mb)
[2020-11-05 22:07:40,000] b4294d - INFO   - Croon...!!! (memory: 1.58 mb)
[2020-11-05 22:07:41,000] b4294d - INFO   - Croon...!!! (memory: 1.58 mb)
[2020-11-05 22:07:42,001] b4294d - INFO   - Croon...!!! (memory: 1.58 mb)
[2020-11-05 22:07:43,000] b4294d - INFO   - Croon...!!! (memory: 1.58 mb)
[2020-11-05 22:07:44,000] b4294d - INFO   - Croon...!!! (memory: 1.58 mb)
[2020-11-05 22:07:45,000] b4294d - INFO   - Croon...!!! (memory: 1.59 mb)
[2020-11-05 22:07:46,000] b4294d - INFO   - Croon...!!! (memory: 1.59 mb)
[2020-11-05 22:07:47,000] b4294d - INFO   - Croon...!!! (memory: 1.59 mb)
[2020-11-05 22:07:48,000] b4294d - INFO   - Croon...!!! (memory: 1.59 mb)
[2020-11-05 22:07:49,001] b4294d - INFO   - Croon...!!! (memory: 1.59 mb)
[2020-11-05 22:07:50,000] b4294d - INFO   - Croon...!!! (memory: 1.59 mb)
[2020-11-05 22:07:51,000] b4294d - INFO   - Croon...!!! (memory: 1.59 mb)
[2020-11-05 22:07:52,001] b4294d - INFO   - Croon...!!! (memory: 1.59 mb)
[2020-11-05 22:07:53,001] b4294d - INFO   - Croon...!!! (memory: 1.59 mb)
[2020-11-05 22:07:54,001] b4294d - INFO   - Croon...!!! (memory: 1.59 mb)
[2020-11-05 22:07:55,000] b4294d - INFO   - Croon...!!! (memory: 1.59 mb)
[2020-11-05 22:07:56,001] b4294d - INFO   - Croon...!!! (memory: 1.59 mb)
[2020-11-05 22:07:57,000] b4294d - INFO   - Croon...!!! (memory: 1.59 mb)
[2020-11-05 22:07:58,001] b4294d - INFO   - Croon...!!! (memory: 1.59 mb)
[2020-11-05 22:07:59,000] b4294d - INFO   - Croon...!!! (memory: 1.6 mb)
[2020-11-05 22:08:00,001] b4294d - INFO   - Croon...!!! (memory: 1.6 mb)
[2020-11-05 22:08:00,016] b4294d - INFO   - Execute (ls -al)
[2020-11-05 22:08:00,100] b4294d - INFO   - Finish (ls -al)[0]
[2020-11-05 22:07:11,157] b4294d - INFO   - Start! (memory: 1.55 mb)
[2020-11-05 22:07:11,160] b4294d - INFO   - Croon...!!! (memory: 1.56 mb)
[2020-11-05 22:07:12,001] b4294d - INFO   - Croon...!!! (memory: 1.56 mb)
[2020-11-05 22:07:13,000] b4294d - INFO   - Croon...!!! (memory: 1.56 mb)
[2020-11-05 22:07:14,000] b4294d - INFO   - Croon...!!! (memory: 1.56 mb)
[2020-11-05 22:07:15,000] b4294d - INFO   - Croon...!!! (memory: 1.56 mb)
[2020-11-05 22:07:16,001] b4294d - INFO   - Croon...!!! (memory: 1.56 mb)
[2020-11-05 22:07:17,000] b4294d - INFO   - Croon...!!! (memory: 1.56 mb)
[2020-11-05 22:07:18,001] b4294d - INFO   - Croon...!!! (memory: 1.56 mb)
[2020-11-05 22:07:19,001] b4294d - INFO   - Croon...!!! (memory: 1.56 mb)
[2020-11-05 22:07:20,000] b4294d - INFO   - Croon...!!! (memory: 1.56 mb)
[2020-11-05 22:07:21,000] b4294d - INFO   - Croon...!!! (memory: 1.57 mb)
[2020-11-05 22:07:22,000] b4294d - INFO   - Croon...!!! (memory: 1.57 mb)
[2020-11-05 22:07:23,000] b4294d - INFO   - Croon...!!! (memory: 1.57 mb)
[2020-11-05 22:07:24,001] b4294d - INFO   - Croon...!!! (memory: 1.57 mb)
[2020-11-05 22:07:25,000] b4294d - INFO   - Croon...!!! (memory: 1.57 mb)
[2020-11-05 22:07:26,000] b4294d - INFO   - Croon...!!! (memory: 1.57 mb)
[2020-11-05 22:07:27,000] b4294d - INFO   - Croon...!!! (memory: 1.57 mb)
[2020-11-05 22:07:28,000] b4294d - INFO   - Croon...!!! (memory: 1.57 mb)
[2020-11-05 22:07:29,000] b4294d - INFO   - Croon...!!! (memory: 1.57 mb)
[2020-11-05 22:07:30,001] b4294d - INFO   - Croon...!!! (memory: 1.57 mb)
[2020-11-05 22:07:31,000] b4294d - INFO   - Croon...!!! (memory: 1.57 mb)
[2020-11-05 22:07:32,000] b4294d - INFO   - Croon...!!! (memory: 1.57 mb)
[2020-11-05 22:07:33,000] b4294d - INFO   - Croon...!!! (memory: 1.57 mb)
[2020-11-05 22:07:34,001] b4294d - INFO   - Croon...!!! (memory: 1.58 mb)
[2020-11-05 22:07:35,000] b4294d - INFO   - Croon...!!! (memory: 1.58 mb)
[2020-11-05 22:07:36,000] b4294d - INFO   - Croon...!!! (memory: 1.58 mb)
[2020-11-05 22:07:37,000] b4294d - INFO   - Croon...!!! (memory: 1.58 mb)
[2020-11-05 22:07:38,000] b4294d - INFO   - Croon...!!! (memory: 1.58 mb)
[2020-11-05 22:07:39,000] b4294d - INFO   - Croon...!!! (memory: 1.58 mb)
[2020-11-05 22:07:40,000] b4294d - INFO   - Croon...!!! (memory: 1.58 mb)
[2020-11-05 22:07:41,000] b4294d - INFO   - Croon...!!! (memory: 1.58 mb)
[2020-11-05 22:07:42,001] b4294d - INFO   - Croon...!!! (memory: 1.58 mb)
[2020-11-05 22:07:43,000] b4294d - INFO   - Croon...!!! (memory: 1.58 mb)
[2020-11-05 22:07:44,000] b4294d - INFO   - Croon...!!! (memory: 1.58 mb)
[2020-11-05 22:07:45,000] b4294d - INFO   - Croon...!!! (memory: 1.59 mb)
[2020-11-05 22:07:46,000] b4294d - INFO   - Croon...!!! (memory: 1.59 mb)
[2020-11-05 22:07:47,000] b4294d - INFO   - Croon...!!! (memory: 1.59 mb)
[2020-11-05 22:07:48,000] b4294d - INFO   - Croon...!!! (memory: 1.59 mb)
[2020-11-05 22:07:49,001] b4294d - INFO   - Croon...!!! (memory: 1.59 mb)
[2020-11-05 22:07:50,000] b4294d - INFO   - Croon...!!! (memory: 1.59 mb)
[2020-11-05 22:07:51,000] b4294d - INFO   - Croon...!!! (memory: 1.59 mb)
[2020-11-05 22:07:52,001] b4294d - INFO   - Croon...!!! (memory: 1.59 mb)
[2020-11-05 22:07:53,001] b4294d - INFO   - Croon...!!! (memory: 1.59 mb)
[2020-11-05 22:07:54,001] b4294d - INFO   - Croon...!!! (memory: 1.59 mb)
[2020-11-05 22:07:55,000] b4294d - INFO   - Croon...!!! (memory: 1.59 mb)
[2020-11-05 22:07:56,001] b4294d - INFO   - Croon...!!! (memory: 1.59 mb)
[2020-11-05 22:07:57,000] b4294d - INFO   - Croon...!!! (memory: 1.59 mb)
[2020-11-05 22:07:58,001] b4294d - INFO   - Croon...!!! (memory: 1.59 mb)
[2020-11-05 22:07:59,000] b4294d - INFO   - Croon...!!! (memory: 1.6 mb)
[2020-11-05 22:08:00,001] b4294d - INFO   - Croon...!!! (memory: 1.6 mb)
[2020-11-05 22:08:00,016] b4294d - INFO   - Execute (ls -al)
[2020-11-05 22:08:00,029] b4294d - INFO   - Execute (cat world.txt)
[2020-11-05 22:08:00,041] b4294d - INFO   - Execute (ls -ah)
[2020-11-05 22:08:00,127] b4294d - INFO   - Finish (ls -ah)[0]
[2020-11-05 22:07:11,157] b4294d - INFO   - Start! (memory: 1.55 mb)
[2020-11-05 22:07:11,160] b4294d - INFO   - Croon...!!! (memory: 1.56 mb)
[2020-11-05 22:07:12,001] b4294d - INFO   - Croon...!!! (memory: 1.56 mb)
[2020-11-05 22:07:13,000] b4294d - INFO   - Croon...!!! (memory: 1.56 mb)
[2020-11-05 22:07:14,000] b4294d - INFO   - Croon...!!! (memory: 1.56 mb)
[2020-11-05 22:07:15,000] b4294d - INFO   - Croon...!!! (memory: 1.56 mb)
[2020-11-05 22:07:16,001] b4294d - INFO   - Croon...!!! (memory: 1.56 mb)
[2020-11-05 22:07:17,000] b4294d - INFO   - Croon...!!! (memory: 1.56 mb)
[2020-11-05 22:07:18,001] b4294d - INFO   - Croon...!!! (memory: 1.56 mb)
[2020-11-05 22:07:19,001] b4294d - INFO   - Croon...!!! (memory: 1.56 mb)
[2020-11-05 22:07:20,000] b4294d - INFO   - Croon...!!! (memory: 1.56 mb)
[2020-11-05 22:07:21,000] b4294d - INFO   - Croon...!!! (memory: 1.57 mb)
[2020-11-05 22:07:22,000] b4294d - INFO   - Croon...!!! (memory: 1.57 mb)
[2020-11-05 22:07:23,000] b4294d - INFO   - Croon...!!! (memory: 1.57 mb)
[2020-11-05 22:07:24,001] b4294d - INFO   - Croon...!!! (memory: 1.57 mb)
[2020-11-05 22:07:25,000] b4294d - INFO   - Croon...!!! (memory: 1.57 mb)
[2020-11-05 22:07:26,000] b4294d - INFO   - Croon...!!! (memory: 1.57 mb)
[2020-11-05 22:07:27,000] b4294d - INFO   - Croon...!!! (memory: 1.57 mb)
[2020-11-05 22:07:28,000] b4294d - INFO   - Croon...!!! (memory: 1.57 mb)
[2020-11-05 22:07:29,000] b4294d - INFO   - Croon...!!! (memory: 1.57 mb)
[2020-11-05 22:07:30,001] b4294d - INFO   - Croon...!!! (memory: 1.57 mb)
[2020-11-05 22:07:31,000] b4294d - INFO   - Croon...!!! (memory: 1.57 mb)
[2020-11-05 22:07:32,000] b4294d - INFO   - Croon...!!! (memory: 1.57 mb)
[2020-11-05 22:07:33,000] b4294d - INFO   - Croon...!!! (memory: 1.57 mb)
[2020-11-05 22:07:34,001] b4294d - INFO   - Croon...!!! (memory: 1.58 mb)
[2020-11-05 22:07:35,000] b4294d - INFO   - Croon...!!! (memory: 1.58 mb)
[2020-11-05 22:07:36,000] b4294d - INFO   - Croon...!!! (memory: 1.58 mb)
[2020-11-05 22:07:37,000] b4294d - INFO   - Croon...!!! (memory: 1.58 mb)
[2020-11-05 22:07:38,000] b4294d - INFO   - Croon...!!! (memory: 1.58 mb)
[2020-11-05 22:07:39,000] b4294d - INFO   - Croon...!!! (memory: 1.58 mb)
[2020-11-05 22:07:40,000] b4294d - INFO   - Croon...!!! (memory: 1.58 mb)
[2020-11-05 22:07:41,000] b4294d - INFO   - Croon...!!! (memory: 1.58 mb)
[2020-11-05 22:07:42,001] b4294d - INFO   - Croon...!!! (memory: 1.58 mb)
[2020-11-05 22:07:43,000] b4294d - INFO   - Croon...!!! (memory: 1.58 mb)
[2020-11-05 22:07:44,000] b4294d - INFO   - Croon...!!! (memory: 1.58 mb)
[2020-11-05 22:07:45,000] b4294d - INFO   - Croon...!!! (memory: 1.59 mb)
[2020-11-05 22:07:46,000] b4294d - INFO   - Croon...!!! (memory: 1.59 mb)
[2020-11-05 22:07:47,000] b4294d - INFO   - Croon...!!! (memory: 1.59 mb)
[2020-11-05 22:07:48,000] b4294d - INFO   - Croon...!!! (memory: 1.59 mb)
[2020-11-05 22:07:49,001] b4294d - INFO   - Croon...!!! (memory: 1.59 mb)
[2020-11-05 22:07:50,000] b4294d - INFO   - Croon...!!! (memory: 1.59 mb)
[2020-11-05 22:07:51,000] b4294d - INFO   - Croon...!!! (memory: 1.59 mb)
[2020-11-05 22:07:52,001] b4294d - INFO   - Croon...!!! (memory: 1.59 mb)
[2020-11-05 22:07:53,001] b4294d - INFO   - Croon...!!! (memory: 1.59 mb)
[2020-11-05 22:07:54,001] b4294d - INFO   - Croon...!!! (memory: 1.59 mb)
[2020-11-05 22:07:55,000] b4294d - INFO   - Croon...!!! (memory: 1.59 mb)
[2020-11-05 22:07:56,001] b4294d - INFO   - Croon...!!! (memory: 1.59 mb)
[2020-11-05 22:07:57,000] b4294d - INFO   - Croon...!!! (memory: 1.59 mb)
[2020-11-05 22:07:58,001] b4294d - INFO   - Croon...!!! (memory: 1.59 mb)
[2020-11-05 22:07:59,000] b4294d - INFO   - Croon...!!! (memory: 1.6 mb)
[2020-11-05 22:08:00,001] b4294d - INFO   - Croon...!!! (memory: 1.6 mb)
[2020-11-05 22:08:00,016] b4294d - INFO   - Execute (ls -al)
[2020-11-05 22:08:00,029] b4294d - INFO   - Execute (cat world.txt)
[2020-11-05 22:08:00,132] b4294d - INFO   - Finish (cat world.txt)[1]
[2020-11-05 22:09:15,855] 317048 - INFO   - Start! (memory: 1.55 mb)
[2020-11-05 22:10:00,003] 317048 - INFO   - Execute (ls -al)
[2020-11-05 22:10:00,025] 317048 - INFO   - Execute (cat world.txt)
[2020-11-05 22:10:00,035] 317048 - INFO   - Execute (ls -ah)
[2020-11-05 22:10:00,086] 317048 - INFO   - Finish (cat world.txt)[1]
[2020-11-05 22:10:00,092] 317048 - INFO   - Finish (ls -al)[0]
[2020-11-05 22:10:00,099] 317048 - INFO   - Finish (ls -ah)[0]
[2020-11-05 22:11:00,003] 317048 - INFO   - Execute (ls -al)
[2020-11-05 22:11:00,020] 317048 - INFO   - Execute (cat world.txt)
[2020-11-05 22:11:00,037] 317048 - INFO   - Execute (ls -ah)
[2020-11-05 22:11:00,093] 317048 - INFO   - Finish (cat world.txt)[1]
[2020-11-05 22:11:00,094] 317048 - INFO   - Finish (ls -al)[0]
[2020-11-05 22:11:00,105] 317048 - INFO   - Finish (ls -ah)[0]
[2020-11-05 22:12:00,002] 317048 - INFO   - Execute (ls -al)
[2020-11-05 22:12:00,020] 317048 - INFO   - Execute (cat world.txt)
[2020-11-05 22:12:00,032] 317048 - INFO   - Execute (ls -ah)
[2020-11-05 22:12:00,085] 317048 - INFO   - Finish (cat world.txt)[1]
[2020-11-05 22:12:00,089] 317048 - INFO   - Finish (ls -al)[0]
[2020-11-05 22:12:00,101] 317048 - INFO   - Finish (ls -ah)[0]
[2020-11-05 22:13:00,002] 317048 - INFO   - Execute (ls -al)
[2020-11-05 22:13:00,021] 317048 - INFO   - Execute (cat world.txt)
[2020-11-05 22:13:00,033] 317048 - INFO   - Execute (ls -ah)
[2020-11-05 22:13:00,087] 317048 - INFO   - Finish (cat world.txt)[1]
[2020-11-05 22:13:00,090] 317048 - INFO   - Finish (ls -al)[0]
[2020-11-05 22:13:00,108] 317048 - INFO   - Finish (ls -ah)[0]
[2020-11-05 22:14:00,002] 317048 - INFO   - Execute (echo 'hello')
[2020-11-05 22:14:00,018] 317048 - INFO   - Execute (ls -al)
[2020-11-05 22:14:00,033] 317048 - INFO   - Execute (cat world.txt)
[2020-11-05 22:14:00,049] 317048 - INFO   - Finish (echo 'hello')[0]
[2020-11-05 22:14:00,049] 317048 - INFO   - Execute (ls -ah)
[2020-11-05 22:14:00,126] 317048 - INFO   - Finish (ls -al)[0]
[2020-11-05 22:14:00,133] 317048 - INFO   - Finish (cat world.txt)[1]
[2020-11-05 22:14:00,139] 317048 - INFO   - Finish (ls -ah)[0]
[2020-11-05 22:15:00,002] 317048 - INFO   - Execute (ls -al)
[2020-11-05 22:15:00,027] 317048 - INFO   - Execute (cat world.txt)
[2020-11-05 22:15:00,038] 317048 - INFO   - Execute (ls -aw)
[2020-11-05 22:15:00,054] 317048 - INFO   - Execute (ls -ah)
[2020-11-05 22:15:00,102] 317048 - INFO   - Finish (cat world.txt)[1]
[2020-11-05 22:15:00,117] 317048 - INFO   - Finish (ls -al)[0]
[2020-11-05 22:15:00,150] 317048 - INFO   - Finish (ls -aw)[2]
[2020-11-05 22:15:00,153] 317048 - INFO   - Finish (ls -ah)[0]
[2020-11-05 22:16:00,001] 317048 - INFO   - Execute (ls -al)
[2020-11-05 22:16:00,023] 317048 - INFO   - Execute (cat world.txt)
[2020-11-05 22:16:00,040] 317048 - INFO   - Execute (ls -ah)
[2020-11-05 22:16:00,100] 317048 - INFO   - Finish (ls -al)[0]
[2020-11-05 22:16:00,103] 317048 - INFO   - Finish (cat world.txt)[1]
[2020-11-05 22:16:00,127] 317048 - INFO   - Finish (ls -ah)[0]
[2020-11-05 22:17:00,002] 317048 - INFO   - Execute (ls -al)
[2020-11-05 22:17:00,026] 317048 - INFO   - Execute (cat world.txt)
[2020-11-05 22:17:00,050] 317048 - INFO   - Execute (ls -ah)
[2020-11-05 22:17:00,121] 317048 - INFO   - Finish (cat world.txt)[1]
[2020-11-05 22:17:00,122] 317048 - INFO   - Finish (ls -al)[0]
[2020-11-05 22:17:00,152] 317048 - INFO   - Finish (ls -ah)[0]
[2020-11-05 22:18:00,001] 317048 - INFO   - Execute (ls -al)
[2020-11-05 22:18:00,021] 317048 - INFO   - Execute (cat world.txt)
[2020-11-05 22:18:00,034] 317048 - INFO   - Execute (ls -ah)
[2020-11-05 22:18:00,093] 317048 - INFO   - Finish (ls -al)[0]
[2020-11-05 22:18:00,095] 317048 - INFO   - Finish (cat world.txt)[1]
[2020-11-05 22:18:00,103] 317048 - INFO   - Finish (ls -ah)[0]
[2020-11-05 22:19:00,002] 317048 - INFO   - Execute (ls -al)
[2020-11-05 22:19:00,019] 317048 - INFO   - Execute (cat world.txt)
[2020-11-05 22:19:00,038] 317048 - INFO   - Execute (ls -ah)
[2020-11-05 22:19:00,104] 317048 - INFO   - Finish (ls -al)[0]
[2020-11-05 22:19:00,112] 317048 - INFO   - Finish (cat world.txt)[1]
[2020-11-05 22:19:00,138] 317048 - INFO   - Finish (ls -ah)[0]
[2020-11-05 22:20:00,001] 317048 - INFO   - Execute (ls -al)
[2020-11-05 22:20:00,021] 317048 - INFO   - Execute (cat world.txt)
[2020-11-05 22:20:00,036] 317048 - INFO   - Execute (ls -ah)
[2020-11-05 22:20:00,089] 317048 - INFO   - Finish (cat world.txt)[1]
[2020-11-05 22:20:00,098] 317048 - INFO   - Finish (ls -al)[0]
[2020-11-05 22:20:00,118] 317048 - INFO   - Finish (ls -ah)[0]
[2020-11-05 22:21:00,002] 317048 - INFO   - Execute (ls -al)
[2020-11-05 22:21:00,025] 317048 - INFO   - Execute (cat world.txt)
[2020-11-05 22:21:00,043] 317048 - INFO   - Execute (ls -ah)
[2020-11-05 22:21:00,095] 317048 - INFO   - Finish (cat world.txt)[1]
[2020-11-05 22:21:00,106] 317048 - INFO   - Finish (ls -al)[0]
[2020-11-05 22:21:00,127] 317048 - INFO   - Finish (ls -ah)[0]
[2020-11-05 22:22:00,003] 317048 - INFO   - Execute (ls -al)
[2020-11-05 22:22:00,019] 317048 - INFO   - Execute (cat world.txt)
[2020-11-05 22:22:00,032] 317048 - INFO   - Execute (ls -ah)
[2020-11-05 22:22:00,085] 317048 - INFO   - Finish (cat world.txt)[1]
[2020-11-05 22:22:00,094] 317048 - INFO   - Finish (ls -al)[0]
[2020-11-05 22:22:00,105] 317048 - INFO   - Finish (ls -ah)[0]
[2020-11-05 22:23:00,002] 317048 - INFO   - Execute (ls -al)
[2020-11-05 22:23:00,026] 317048 - INFO   - Execute (cat world.txt)
[2020-11-05 22:23:00,038] 317048 - INFO   - Execute (ls -ah)
[2020-11-05 22:23:00,092] 317048 - INFO   - Finish (cat world.txt)[1]
[2020-11-05 22:23:00,098] 317048 - INFO   - Finish (ls -al)[0]
[2020-11-05 22:23:00,111] 317048 - INFO   - Finish (ls -ah)[0]
[2020-11-05 22:24:00,002] 317048 - INFO   - Execute (ls -al)
[2020-11-05 22:24:00,020] 317048 - INFO   - Execute (cat world.txt)
[2020-11-05 22:24:00,032] 317048 - INFO   - Execute (ls -ah)
[2020-11-05 22:24:00,082] 317048 - INFO   - Finish (cat world.txt)[1]
[2020-11-05 22:24:00,090] 317048 - INFO   - Finish (ls -al)[0]
[2020-11-05 22:24:00,102] 317048 - INFO   - Finish (ls -ah)[0]
[2020-11-05 22:25:00,002] 317048 - INFO   - Execute (ls -al)
[2020-11-05 22:25:00,024] 317048 - INFO   - Execute (cat world.txt)
[2020-11-05 22:25:00,046] 317048 - INFO   - Execute (ls -ah)
[2020-11-05 22:25:00,125] 317048 - INFO   - Finish (cat world.txt)[1]
[2020-11-05 22:25:00,127] 317048 - INFO   - Finish (ls -al)[0]
[2020-11-05 22:25:00,162] 317048 - INFO   - Finish (ls -ah)[0]
[2020-11-05 22:26:00,002] 317048 - INFO   - Execute (ls -al)
[2020-11-05 22:26:00,027] 317048 - INFO   - Execute (cat world.txt)
[2020-11-05 22:26:00,046] 317048 - INFO   - Execute (ls -ah)
[2020-11-05 22:26:00,113] 317048 - INFO   - Finish (ls -al)[0]
[2020-11-05 22:26:00,113] 317048 - INFO   - Finish (cat world.txt)[1]
[2020-11-05 22:26:00,146] 317048 - INFO   - Finish (ls -ah)[0]
[2020-11-05 22:27:00,002] 317048 - INFO   - Execute (ls -al)
[2020-11-05 22:27:00,019] 317048 - INFO   - Execute (cat world.txt)
[2020-11-05 22:27:00,029] 317048 - INFO   - Execute (ls -ah)
[2020-11-05 22:27:00,081] 317048 - INFO   - Finish (cat world.txt)[1]
[2020-11-05 22:27:00,083] 317048 - INFO   - Finish (ls -al)[0]
[2020-11-05 22:27:00,098] 317048 - INFO   - Finish (ls -ah)[0]
[2020-11-05 22:28:00,002] 317048 - INFO   - Execute (ls -al)
[2020-11-05 22:28:00,020] 317048 - INFO   - Execute (cat world.txt)
[2020-11-05 22:28:00,033] 317048 - INFO   - Execute (ls -ah)
[2020-11-05 22:28:00,086] 317048 - INFO   - Finish (cat world.txt)[1]
[2020-11-05 22:28:00,090] 317048 - INFO   - Finish (ls -al)[0]
[2020-11-05 22:28:00,102] 317048 - INFO   - Finish (ls -ah)[0]
[2020-11-05 22:29:00,002] 317048 - INFO   - Execute (ls -al)
[2020-11-05 22:29:00,026] 317048 - INFO   - Execute (cat world.txt)
[2020-11-05 22:29:00,041] 317048 - INFO   - Execute (ls -ah)
[2020-11-05 22:29:00,101] 317048 - INFO   - Finish (ls -al)[0]
[2020-11-05 22:29:00,103] 317048 - INFO   - Finish (cat world.txt)[1]
[2020-11-05 22:29:00,147] 317048 - INFO   - Finish (ls -ah)[0]
